<?xml version="1.0" encoding="UTF-8"?>
<!-- Generated by org.testng.reporters.JUnitXMLReporter -->
<testsuite ignored="0" hostname="ATMECSINDT-006" failures="0" tests="4" name="Test2" time="48.253" errors="0" timestamp="06 Sep 2019 14:29:52 GMT">
  <testcase classname="com.atmecs.Flight.Flight" name="setBrowser" time="10.867"/>
  <testcase classname="com.atmecs.Flight.SearchPage" name="selectBrowser" time="2.499"/>
  <testcase classname="com.atmecs.Flight.SelectFlight" name="select" time="15.615"/>
  <testcase classname="com.atmecs.Flight.Bookingsteps" name="booking" time="18.068"/>
</testsuite> <!-- Test2 -->
