<?xml version="1.0" encoding="UTF-8"?>
<testng-results ignored="0" total="1" passed="0" failed="1" skipped="0">
  <reporter-output>
  </reporter-output>
  <suite started-at="2019-09-06T15:35:51Z" name="Default suite" finished-at="2019-09-06T15:35:52Z" duration-ms="947">
    <groups>
    </groups>
    <test started-at="2019-09-06T15:35:51Z" name="Default test" finished-at="2019-09-06T15:35:52Z" duration-ms="947">
      <class name="com.atmecs.Flight.test1">
        <test-method signature="test(java.lang.String, java.lang.String)[pri:0, instance:com.atmecs.Flight.test1@b62fe6d]" started-at="2019-09-06T15:35:51Z" name="test" data-provider="destination" finished-at="2019-09-06T15:35:52Z" duration-ms="915" status="FAIL">
          <exception class="org.testng.internal.reflect.MethodMatcherException">
            <message>
              <![CDATA[
Data provider mismatch
Method: test([Parameter{index=0, type=java.lang.String, declaredAnnotations=[]}, Parameter{index=1, type=java.lang.String, declaredAnnotations=[]}])
Arguments: [(java.lang.String) HYderabad,(java.lang.String) Vijayawada,(java.lang.String) srinischalthiparani@gmail.com,(java.lang.String) Sri Nischal,(java.lang.String) Thiparani,(java.lang.String) Suraj,(java.lang.String) Konangi,(java.lang.String) 9.393818194E9]]]>
            </message>
            <full-stacktrace>
              <![CDATA[org.testng.internal.reflect.MethodMatcherException: 
Data provider mismatch
Method: test([Parameter{index=0, type=java.lang.String, declaredAnnotations=[]}, Parameter{index=1, type=java.lang.String, declaredAnnotations=[]}])
Arguments: [(java.lang.String) HYderabad,(java.lang.String) Vijayawada,(java.lang.String) srinischalthiparani@gmail.com,(java.lang.String) Sri Nischal,(java.lang.String) Thiparani,(java.lang.String) Suraj,(java.lang.String) Konangi,(java.lang.String) 9.393818194E9]
at org.testng.internal.reflect.DataProviderMethodMatcher.getConformingArguments(DataProviderMethodMatcher.java:45)
at org.testng.internal.Parameters.injectParameters(Parameters.java:796)
at org.testng.internal.Invoker.invokeTestMethods(Invoker.java:983)
at org.testng.internal.TestMethodWorker.invokeTestMethods(TestMethodWorker.java:125)
at org.testng.internal.TestMethodWorker.run(TestMethodWorker.java:109)
at org.testng.TestRunner.privateRun(TestRunner.java:648)
at org.testng.TestRunner.run(TestRunner.java:505)
at org.testng.SuiteRunner.runTest(SuiteRunner.java:455)
at org.testng.SuiteRunner.runSequentially(SuiteRunner.java:450)
at org.testng.SuiteRunner.privateRun(SuiteRunner.java:415)
at org.testng.SuiteRunner.run(SuiteRunner.java:364)
at org.testng.SuiteRunnerWorker.runSuite(SuiteRunnerWorker.java:52)
at org.testng.SuiteRunnerWorker.run(SuiteRunnerWorker.java:84)
at org.testng.TestNG.runSuitesSequentially(TestNG.java:1208)
at org.testng.TestNG.runSuitesLocally(TestNG.java:1137)
at org.testng.TestNG.runSuites(TestNG.java:1049)
at org.testng.TestNG.run(TestNG.java:1017)
at org.testng.remote.AbstractRemoteTestNG.run(AbstractRemoteTestNG.java:115)
at org.testng.remote.RemoteTestNG.initAndRun(RemoteTestNG.java:251)
at org.testng.remote.RemoteTestNG.main(RemoteTestNG.java:77)
]]>
            </full-stacktrace>
          </exception> <!-- org.testng.internal.reflect.MethodMatcherException -->
          <reporter-output>
          </reporter-output>
        </test-method> <!-- test -->
      </class> <!-- com.atmecs.Flight.test1 -->
    </test> <!-- Default test -->
  </suite> <!-- Default suite -->
</testng-results>
